<?xml version="1.0" encoding="UTF-8" ?>
<testsuite tests="1" failures="0" name="TestSuite" time="1.371" errors="0" skipped="0">
  <properties>
    <property name="java.runtime.name" value="Java(TM) SE Runtime Environment"/>
    <property name="sun.boot.library.path" value="C:\Program Files\Java\jdk1.8.0_91\jre\bin"/>
    <property name="java.vm.version" value="25.91-b15"/>
    <property name="java.vm.vendor" value="Oracle Corporation"/>
    <property name="java.vendor.url" value="http://java.oracle.com/"/>
    <property name="path.separator" value=";"/>
    <property name="java.vm.name" value="Java HotSpot(TM) 64-Bit Server VM"/>
    <property name="file.encoding.pkg" value="sun.io"/>
    <property name="user.script" value=""/>
    <property name="user.country" value="CN"/>
    <property name="sun.java.launcher" value="SUN_STANDARD"/>
    <property name="sun.os.patch.level" value="Service Pack 1"/>
    <property name="java.vm.specification.name" value="Java Virtual Machine Specification"/>
    <property name="user.dir" value="D:\workspacenew\maven"/>
    <property name="java.runtime.version" value="1.8.0_91-b15"/>
    <property name="java.awt.graphicsenv" value="sun.awt.Win32GraphicsEnvironment"/>
    <property name="basedir" value="D:\workspacenew\maven"/>
    <property name="java.endorsed.dirs" value="C:\Program Files\Java\jdk1.8.0_91\jre\lib\endorsed"/>
    <property name="os.arch" value="amd64"/>
    <property name="surefire.real.class.path" value="D:\workspacenew\maven\target\surefire\surefirebooter5295424046665910005.jar"/>
    <property name="java.io.tmpdir" value="C:\Users\yyf\AppData\Local\Temp\"/>
    <property name="line.separator" value="
"/>
    <property name="java.vm.specification.vendor" value="Oracle Corporation"/>
    <property name="user.variant" value=""/>
    <property name="os.name" value="Windows 7"/>
    <property name="sun.jnu.encoding" value="GBK"/>
    <property name="java.library.path" value="C:\Program Files\Java\jdk1.8.0_91\jre\bin;C:\Windows\Sun\Java\bin;C:\Windows\system32;C:\Windows;C:/Program Files/Java/jdk1.8.0_91/bin/../jre/bin/server;C:/Program Files/Java/jdk1.8.0_91/bin/../jre/bin;C:/Program Files/Java/jdk1.8.0_91/bin/../jre/lib/amd64;.;C:\Program Files\Java\jdk1.8.0_91\bin;C:\Program Files\Java\jdk1.8.0_91\jre\bin;C:\ProgramData\Oracle\Java\javapath;C:\Windows\system32;C:\Windows;C:\Windows\System32\Wbem;C:\Windows\System32\WindowsPowerShell\v1.0\;D:\MySQL\mysql-5.7.11-winx64\mysql-5.7.11-winx64\bin;C:\Program;%ANT_HOME%\bin;D:\adt-bundle-windows-x86_64-20140702\sdk\tools;D:\adt-bundle-windows-x86_64-20140702\eclipse\plugins\apache-ant-1.9.7-bin\apache-ant-1.9.7\bin;D:\adt-bundle-windows-x86_64-20140702\sdk\tools;C:\Program Files\nodejs\;D:\Appium\AppiumForWindows_1.4.16.1\Appium\node_modules\.bin;D:\adt-bundle-windows-x86_64-20140702\sdk\platform-tools;D:\workspacenew\appium;D:\workspacenew\appium\selenium-server-standalone-2.46.0.jar;E:\TestNG\testng-6.1.1.jar;E:\appiumjar\apache-maven-3.3.9-bin\bin;D:\scala\bin;D:\adt-bundle-windows-x86_64-20140702\sdk\tools;D:\autoWeb\browserDriver;C:\Users\yyf\AppData\Roaming\npm;E:\eclipse;;."/>
    <property name="surefire.test.class.path" value="D:\workspacenew\maven\target\test-classes;D:\workspacenew\maven\target\classes;E:\appiumjar\apache-maven-3.3.9-bin\repository\org\testng\testng\6.8\testng-6.8.jar;E:\appiumjar\apache-maven-3.3.9-bin\repository\junit\junit\4.10\junit-4.10.jar;E:\appiumjar\apache-maven-3.3.9-bin\repository\org\hamcrest\hamcrest-core\1.1\hamcrest-core-1.1.jar;E:\appiumjar\apache-maven-3.3.9-bin\repository\org\beanshell\bsh\2.0b4\bsh-2.0b4.jar;E:\appiumjar\apache-maven-3.3.9-bin\repository\com\beust\jcommander\1.27\jcommander-1.27.jar;E:\appiumjar\apache-maven-3.3.9-bin\repository\org\yaml\snakeyaml\1.6\snakeyaml-1.6.jar;E:\appiumjar\apache-maven-3.3.9-bin\repository\io\appium\java-client\4.1.2\java-client-4.1.2.jar;E:\appiumjar\apache-maven-3.3.9-bin\repository\org\seleniumhq\selenium\selenium-java\2.53.1\selenium-java-2.53.1.jar;E:\appiumjar\apache-maven-3.3.9-bin\repository\org\seleniumhq\selenium\selenium-chrome-driver\2.53.1\selenium-chrome-driver-2.53.1.jar;E:\appiumjar\apache-maven-3.3.9-bin\repository\org\seleniumhq\selenium\selenium-remote-driver\2.53.1\selenium-remote-driver-2.53.1.jar;E:\appiumjar\apache-maven-3.3.9-bin\repository\org\seleniumhq\selenium\selenium-api\2.53.1\selenium-api-2.53.1.jar;E:\appiumjar\apache-maven-3.3.9-bin\repository\org\seleniumhq\selenium\selenium-edge-driver\2.53.1\selenium-edge-driver-2.53.1.jar;E:\appiumjar\apache-maven-3.3.9-bin\repository\commons-io\commons-io\2.4\commons-io-2.4.jar;E:\appiumjar\apache-maven-3.3.9-bin\repository\org\apache\commons\commons-exec\1.3\commons-exec-1.3.jar;E:\appiumjar\apache-maven-3.3.9-bin\repository\org\seleniumhq\selenium\htmlunit-driver\2.21\htmlunit-driver-2.21.jar;E:\appiumjar\apache-maven-3.3.9-bin\repository\net\sourceforge\htmlunit\htmlunit\2.21\htmlunit-2.21.jar;E:\appiumjar\apache-maven-3.3.9-bin\repository\xalan\xalan\2.7.2\xalan-2.7.2.jar;E:\appiumjar\apache-maven-3.3.9-bin\repository\xalan\serializer\2.7.2\serializer-2.7.2.jar;E:\appiumjar\apache-maven-3.3.9-bin\repository\org\apache\httpcomponents\httpmime\4.5.2\httpmime-4.5.2.jar;E:\appiumjar\apache-maven-3.3.9-bin\repository\net\sourceforge\htmlunit\htmlunit-core-js\2.17\htmlunit-core-js-2.17.jar;E:\appiumjar\apache-maven-3.3.9-bin\repository\net\sourceforge\htmlunit\neko-htmlunit\2.21\neko-htmlunit-2.21.jar;E:\appiumjar\apache-maven-3.3.9-bin\repository\xerces\xercesImpl\2.11.0\xercesImpl-2.11.0.jar;E:\appiumjar\apache-maven-3.3.9-bin\repository\xml-apis\xml-apis\1.4.01\xml-apis-1.4.01.jar;E:\appiumjar\apache-maven-3.3.9-bin\repository\net\sourceforge\cssparser\cssparser\0.9.18\cssparser-0.9.18.jar;E:\appiumjar\apache-maven-3.3.9-bin\repository\org\w3c\css\sac\1.3\sac-1.3.jar;E:\appiumjar\apache-maven-3.3.9-bin\repository\org\eclipse\jetty\websocket\websocket-client\9.2.15.v20160210\websocket-client-9.2.15.v20160210.jar;E:\appiumjar\apache-maven-3.3.9-bin\repository\org\eclipse\jetty\jetty-util\9.2.15.v20160210\jetty-util-9.2.15.v20160210.jar;E:\appiumjar\apache-maven-3.3.9-bin\repository\org\eclipse\jetty\jetty-io\9.2.15.v20160210\jetty-io-9.2.15.v20160210.jar;E:\appiumjar\apache-maven-3.3.9-bin\repository\org\eclipse\jetty\websocket\websocket-common\9.2.15.v20160210\websocket-common-9.2.15.v20160210.jar;E:\appiumjar\apache-maven-3.3.9-bin\repository\org\eclipse\jetty\websocket\websocket-api\9.2.15.v20160210\websocket-api-9.2.15.v20160210.jar;E:\appiumjar\apache-maven-3.3.9-bin\repository\org\seleniumhq\selenium\selenium-firefox-driver\2.53.1\selenium-firefox-driver-2.53.1.jar;E:\appiumjar\apache-maven-3.3.9-bin\repository\org\seleniumhq\selenium\selenium-ie-driver\2.53.1\selenium-ie-driver-2.53.1.jar;E:\appiumjar\apache-maven-3.3.9-bin\repository\net\java\dev\jna\jna\4.1.0\jna-4.1.0.jar;E:\appiumjar\apache-maven-3.3.9-bin\repository\net\java\dev\jna\jna-platform\4.1.0\jna-platform-4.1.0.jar;E:\appiumjar\apache-maven-3.3.9-bin\repository\org\seleniumhq\selenium\selenium-safari-driver\2.53.1\selenium-safari-driver-2.53.1.jar;E:\appiumjar\apache-maven-3.3.9-bin\repository\io\netty\netty\3.5.7.Final\netty-3.5.7.Final.jar;E:\appiumjar\apache-maven-3.3.9-bin\repository\org\seleniumhq\selenium\selenium-support\2.53.1\selenium-support-2.53.1.jar;E:\appiumjar\apache-maven-3.3.9-bin\repository\org\seleniumhq\selenium\selenium-leg-rc\2.53.1\selenium-leg-rc-2.53.1.jar;E:\appiumjar\apache-maven-3.3.9-bin\repository\com\google\code\gson\gson\2.7\gson-2.7.jar;E:\appiumjar\apache-maven-3.3.9-bin\repository\org\apache\httpcomponents\httpclient\4.5.2\httpclient-4.5.2.jar;E:\appiumjar\apache-maven-3.3.9-bin\repository\org\apache\httpcomponents\httpcore\4.4.4\httpcore-4.4.4.jar;E:\appiumjar\apache-maven-3.3.9-bin\repository\commons-codec\commons-codec\1.9\commons-codec-1.9.jar;E:\appiumjar\apache-maven-3.3.9-bin\repository\com\google\guava\guava\19.0\guava-19.0.jar;E:\appiumjar\apache-maven-3.3.9-bin\repository\commons-validator\commons-validator\1.5.1\commons-validator-1.5.1.jar;E:\appiumjar\apache-maven-3.3.9-bin\repository\commons-beanutils\commons-beanutils\1.9.2\commons-beanutils-1.9.2.jar;E:\appiumjar\apache-maven-3.3.9-bin\repository\commons-digester\commons-digester\1.8.1\commons-digester-1.8.1.jar;E:\appiumjar\apache-maven-3.3.9-bin\repository\commons-collections\commons-collections\3.2.2\commons-collections-3.2.2.jar;E:\appiumjar\apache-maven-3.3.9-bin\repository\org\apache\commons\commons-lang3\3.4\commons-lang3-3.4.jar;E:\appiumjar\apache-maven-3.3.9-bin\repository\cglib\cglib-nodep\3.2.4\cglib-nodep-3.2.4.jar;E:\appiumjar\apache-maven-3.3.9-bin\repository\org\aspectj\aspectjweaver\1.8.9\aspectjweaver-1.8.9.jar;E:\appiumjar\apache-maven-3.3.9-bin\repository\org\springframework\spring\2.5.6\spring-2.5.6.jar;E:\appiumjar\apache-maven-3.3.9-bin\repository\commons-logging\commons-logging\1.1.1\commons-logging-1.1.1.jar;E:\appiumjar\apache-maven-3.3.9-bin\repository\org\springframework\spring-web\2.5.6\spring-web-2.5.6.jar;E:\appiumjar\apache-maven-3.3.9-bin\repository\org\springframework\spring-beans\2.5.6\spring-beans-2.5.6.jar;E:\appiumjar\apache-maven-3.3.9-bin\repository\org\springframework\spring-webmvc\2.5.6\spring-webmvc-2.5.6.jar;E:\appiumjar\apache-maven-3.3.9-bin\repository\org\springframework\spring-test\2.5.6\spring-test-2.5.6.jar;E:\appiumjar\apache-maven-3.3.9-bin\repository\org\springframework\spring-core\2.5.6\spring-core-2.5.6.jar;E:\appiumjar\apache-maven-3.3.9-bin\repository\org\springframework\spring-aspects\2.5.6\spring-aspects-2.5.6.jar;E:\appiumjar\apache-maven-3.3.9-bin\repository\org\aspectj\aspectjrt\1.6.1\aspectjrt-1.6.1.jar;E:\appiumjar\apache-maven-3.3.9-bin\repository\org\springframework\spring-context\2.5.6\spring-context-2.5.6.jar;E:\appiumjar\apache-maven-3.3.9-bin\repository\aopalliance\aopalliance\1.0\aopalliance-1.0.jar;E:\appiumjar\apache-maven-3.3.9-bin\repository\org\springframework\spring-context-support\2.5.6\spring-context-support-2.5.6.jar;E:\appiumjar\apache-maven-3.3.9-bin\repository\org\springframework\spring-jdbc\2.5.6\spring-jdbc-2.5.6.jar;E:\appiumjar\apache-maven-3.3.9-bin\repository\org\springframework\spring-jms\2.5.6\spring-jms-2.5.6.jar;E:\appiumjar\apache-maven-3.3.9-bin\repository\commons-pool\commons-pool\1.3\commons-pool-1.3.jar;E:\appiumjar\apache-maven-3.3.9-bin\repository\org\springframework\spring-orm\2.5.6\spring-orm-2.5.6.jar;E:\appiumjar\apache-maven-3.3.9-bin\repository\org\springframework\spring-tx\2.5.6\spring-tx-2.5.6.jar;E:\appiumjar\apache-maven-3.3.9-bin\repository\org\steel\4.6.4\steel-4.6.4.jar;E:\appiumjar\apache-maven-3.3.9-bin\repository\org\apache\ant\ant\1.9.4\ant-1.9.4.jar;E:\appiumjar\apache-maven-3.3.9-bin\repository\org\apache\ant\ant-launcher\1.9.4\ant-launcher-1.9.4.jar;E:\appiumjar\apache-maven-3.3.9-bin\repository\net\sourceforge\jexcelapi\jxl\2.6.12\jxl-2.6.12.jar;E:\appiumjar\apache-maven-3.3.9-bin\repository\javax\mail\mail\1.4.1\mail-1.4.1.jar;E:\appiumjar\apache-maven-3.3.9-bin\repository\javax\activation\activation\1.1\activation-1.1.jar;E:\appiumjar\apache-maven-3.3.9-bin\repository\org\slf4j\slf4j-log4j12\1.7.2\slf4j-log4j12-1.7.2.jar;E:\appiumjar\apache-maven-3.3.9-bin\repository\org\slf4j\slf4j-api\1.7.2\slf4j-api-1.7.2.jar;E:\appiumjar\apache-maven-3.3.9-bin\repository\log4j\log4j\1.2.17\log4j-1.2.17.jar;E:\appiumjar\apache-maven-3.3.9-bin\repository\mysql\mysql-connector-java\5.1.21\mysql-connector-java-5.1.21.jar;E:\appiumjar\apache-maven-3.3.9-bin\repository\org\mybatis\mybatis-spring\1.2.5\mybatis-spring-1.2.5.jar;E:\appiumjar\apache-maven-3.3.9-bin\repository\org\mybatis\mybatis\3.1.1\mybatis-3.1.1.jar;E:\appiumjar\apache-maven-3.3.9-bin\repository\c3p0\c3p0\0.9.1.2\c3p0-0.9.1.2.jar;E:\appiumjar\apache-maven-3.3.9-bin\repository\org\uncommons\reportng\1.1.4\reportng-1.1.4.jar;E:\appiumjar\apache-maven-3.3.9-bin\repository\velocity\velocity\1.4\velocity-1.4.jar;E:\appiumjar\apache-maven-3.3.9-bin\repository\velocity\velocity-dep\1.4\velocity-dep-1.4.jar;E:\appiumjar\apache-maven-3.3.9-bin\repository\com\google\inject\guice\3.0\guice-3.0.jar;E:\appiumjar\apache-maven-3.3.9-bin\repository\javax\inject\javax.inject\1\javax.inject-1.jar;"/>
    <property name="java.specification.name" value="Java Platform API Specification"/>
    <property name="java.class.version" value="52.0"/>
    <property name="sun.management.compiler" value="HotSpot 64-Bit Tiered Compilers"/>
    <property name="os.version" value="6.1"/>
    <property name="user.home" value="C:\Users\yyf"/>
    <property name="user.timezone" value="Asia/Shanghai"/>
    <property name="java.awt.printerjob" value="sun.awt.windows.WPrinterJob"/>
    <property name="java.specification.version" value="1.8"/>
    <property name="file.encoding" value="GBK"/>
    <property name="user.name" value="yyf"/>
    <property name="java.class.path" value="D:\workspacenew\maven\target\test-classes;D:\workspacenew\maven\target\classes;E:\appiumjar\apache-maven-3.3.9-bin\repository\org\testng\testng\6.8\testng-6.8.jar;E:\appiumjar\apache-maven-3.3.9-bin\repository\junit\junit\4.10\junit-4.10.jar;E:\appiumjar\apache-maven-3.3.9-bin\repository\org\hamcrest\hamcrest-core\1.1\hamcrest-core-1.1.jar;E:\appiumjar\apache-maven-3.3.9-bin\repository\org\beanshell\bsh\2.0b4\bsh-2.0b4.jar;E:\appiumjar\apache-maven-3.3.9-bin\repository\com\beust\jcommander\1.27\jcommander-1.27.jar;E:\appiumjar\apache-maven-3.3.9-bin\repository\org\yaml\snakeyaml\1.6\snakeyaml-1.6.jar;E:\appiumjar\apache-maven-3.3.9-bin\repository\io\appium\java-client\4.1.2\java-client-4.1.2.jar;E:\appiumjar\apache-maven-3.3.9-bin\repository\org\seleniumhq\selenium\selenium-java\2.53.1\selenium-java-2.53.1.jar;E:\appiumjar\apache-maven-3.3.9-bin\repository\org\seleniumhq\selenium\selenium-chrome-driver\2.53.1\selenium-chrome-driver-2.53.1.jar;E:\appiumjar\apache-maven-3.3.9-bin\repository\org\seleniumhq\selenium\selenium-remote-driver\2.53.1\selenium-remote-driver-2.53.1.jar;E:\appiumjar\apache-maven-3.3.9-bin\repository\org\seleniumhq\selenium\selenium-api\2.53.1\selenium-api-2.53.1.jar;E:\appiumjar\apache-maven-3.3.9-bin\repository\org\seleniumhq\selenium\selenium-edge-driver\2.53.1\selenium-edge-driver-2.53.1.jar;E:\appiumjar\apache-maven-3.3.9-bin\repository\commons-io\commons-io\2.4\commons-io-2.4.jar;E:\appiumjar\apache-maven-3.3.9-bin\repository\org\apache\commons\commons-exec\1.3\commons-exec-1.3.jar;E:\appiumjar\apache-maven-3.3.9-bin\repository\org\seleniumhq\selenium\htmlunit-driver\2.21\htmlunit-driver-2.21.jar;E:\appiumjar\apache-maven-3.3.9-bin\repository\net\sourceforge\htmlunit\htmlunit\2.21\htmlunit-2.21.jar;E:\appiumjar\apache-maven-3.3.9-bin\repository\xalan\xalan\2.7.2\xalan-2.7.2.jar;E:\appiumjar\apache-maven-3.3.9-bin\repository\xalan\serializer\2.7.2\serializer-2.7.2.jar;E:\appiumjar\apache-maven-3.3.9-bin\repository\org\apache\httpcomponents\httpmime\4.5.2\httpmime-4.5.2.jar;E:\appiumjar\apache-maven-3.3.9-bin\repository\net\sourceforge\htmlunit\htmlunit-core-js\2.17\htmlunit-core-js-2.17.jar;E:\appiumjar\apache-maven-3.3.9-bin\repository\net\sourceforge\htmlunit\neko-htmlunit\2.21\neko-htmlunit-2.21.jar;E:\appiumjar\apache-maven-3.3.9-bin\repository\xerces\xercesImpl\2.11.0\xercesImpl-2.11.0.jar;E:\appiumjar\apache-maven-3.3.9-bin\repository\xml-apis\xml-apis\1.4.01\xml-apis-1.4.01.jar;E:\appiumjar\apache-maven-3.3.9-bin\repository\net\sourceforge\cssparser\cssparser\0.9.18\cssparser-0.9.18.jar;E:\appiumjar\apache-maven-3.3.9-bin\repository\org\w3c\css\sac\1.3\sac-1.3.jar;E:\appiumjar\apache-maven-3.3.9-bin\repository\org\eclipse\jetty\websocket\websocket-client\9.2.15.v20160210\websocket-client-9.2.15.v20160210.jar;E:\appiumjar\apache-maven-3.3.9-bin\repository\org\eclipse\jetty\jetty-util\9.2.15.v20160210\jetty-util-9.2.15.v20160210.jar;E:\appiumjar\apache-maven-3.3.9-bin\repository\org\eclipse\jetty\jetty-io\9.2.15.v20160210\jetty-io-9.2.15.v20160210.jar;E:\appiumjar\apache-maven-3.3.9-bin\repository\org\eclipse\jetty\websocket\websocket-common\9.2.15.v20160210\websocket-common-9.2.15.v20160210.jar;E:\appiumjar\apache-maven-3.3.9-bin\repository\org\eclipse\jetty\websocket\websocket-api\9.2.15.v20160210\websocket-api-9.2.15.v20160210.jar;E:\appiumjar\apache-maven-3.3.9-bin\repository\org\seleniumhq\selenium\selenium-firefox-driver\2.53.1\selenium-firefox-driver-2.53.1.jar;E:\appiumjar\apache-maven-3.3.9-bin\repository\org\seleniumhq\selenium\selenium-ie-driver\2.53.1\selenium-ie-driver-2.53.1.jar;E:\appiumjar\apache-maven-3.3.9-bin\repository\net\java\dev\jna\jna\4.1.0\jna-4.1.0.jar;E:\appiumjar\apache-maven-3.3.9-bin\repository\net\java\dev\jna\jna-platform\4.1.0\jna-platform-4.1.0.jar;E:\appiumjar\apache-maven-3.3.9-bin\repository\org\seleniumhq\selenium\selenium-safari-driver\2.53.1\selenium-safari-driver-2.53.1.jar;E:\appiumjar\apache-maven-3.3.9-bin\repository\io\netty\netty\3.5.7.Final\netty-3.5.7.Final.jar;E:\appiumjar\apache-maven-3.3.9-bin\repository\org\seleniumhq\selenium\selenium-support\2.53.1\selenium-support-2.53.1.jar;E:\appiumjar\apache-maven-3.3.9-bin\repository\org\seleniumhq\selenium\selenium-leg-rc\2.53.1\selenium-leg-rc-2.53.1.jar;E:\appiumjar\apache-maven-3.3.9-bin\repository\com\google\code\gson\gson\2.7\gson-2.7.jar;E:\appiumjar\apache-maven-3.3.9-bin\repository\org\apache\httpcomponents\httpclient\4.5.2\httpclient-4.5.2.jar;E:\appiumjar\apache-maven-3.3.9-bin\repository\org\apache\httpcomponents\httpcore\4.4.4\httpcore-4.4.4.jar;E:\appiumjar\apache-maven-3.3.9-bin\repository\commons-codec\commons-codec\1.9\commons-codec-1.9.jar;E:\appiumjar\apache-maven-3.3.9-bin\repository\com\google\guava\guava\19.0\guava-19.0.jar;E:\appiumjar\apache-maven-3.3.9-bin\repository\commons-validator\commons-validator\1.5.1\commons-validator-1.5.1.jar;E:\appiumjar\apache-maven-3.3.9-bin\repository\commons-beanutils\commons-beanutils\1.9.2\commons-beanutils-1.9.2.jar;E:\appiumjar\apache-maven-3.3.9-bin\repository\commons-digester\commons-digester\1.8.1\commons-digester-1.8.1.jar;E:\appiumjar\apache-maven-3.3.9-bin\repository\commons-collections\commons-collections\3.2.2\commons-collections-3.2.2.jar;E:\appiumjar\apache-maven-3.3.9-bin\repository\org\apache\commons\commons-lang3\3.4\commons-lang3-3.4.jar;E:\appiumjar\apache-maven-3.3.9-bin\repository\cglib\cglib-nodep\3.2.4\cglib-nodep-3.2.4.jar;E:\appiumjar\apache-maven-3.3.9-bin\repository\org\aspectj\aspectjweaver\1.8.9\aspectjweaver-1.8.9.jar;E:\appiumjar\apache-maven-3.3.9-bin\repository\org\springframework\spring\2.5.6\spring-2.5.6.jar;E:\appiumjar\apache-maven-3.3.9-bin\repository\commons-logging\commons-logging\1.1.1\commons-logging-1.1.1.jar;E:\appiumjar\apache-maven-3.3.9-bin\repository\org\springframework\spring-web\2.5.6\spring-web-2.5.6.jar;E:\appiumjar\apache-maven-3.3.9-bin\repository\org\springframework\spring-beans\2.5.6\spring-beans-2.5.6.jar;E:\appiumjar\apache-maven-3.3.9-bin\repository\org\springframework\spring-webmvc\2.5.6\spring-webmvc-2.5.6.jar;E:\appiumjar\apache-maven-3.3.9-bin\repository\org\springframework\spring-test\2.5.6\spring-test-2.5.6.jar;E:\appiumjar\apache-maven-3.3.9-bin\repository\org\springframework\spring-core\2.5.6\spring-core-2.5.6.jar;E:\appiumjar\apache-maven-3.3.9-bin\repository\org\springframework\spring-aspects\2.5.6\spring-aspects-2.5.6.jar;E:\appiumjar\apache-maven-3.3.9-bin\repository\org\aspectj\aspectjrt\1.6.1\aspectjrt-1.6.1.jar;E:\appiumjar\apache-maven-3.3.9-bin\repository\org\springframework\spring-context\2.5.6\spring-context-2.5.6.jar;E:\appiumjar\apache-maven-3.3.9-bin\repository\aopalliance\aopalliance\1.0\aopalliance-1.0.jar;E:\appiumjar\apache-maven-3.3.9-bin\repository\org\springframework\spring-context-support\2.5.6\spring-context-support-2.5.6.jar;E:\appiumjar\apache-maven-3.3.9-bin\repository\org\springframework\spring-jdbc\2.5.6\spring-jdbc-2.5.6.jar;E:\appiumjar\apache-maven-3.3.9-bin\repository\org\springframework\spring-jms\2.5.6\spring-jms-2.5.6.jar;E:\appiumjar\apache-maven-3.3.9-bin\repository\commons-pool\commons-pool\1.3\commons-pool-1.3.jar;E:\appiumjar\apache-maven-3.3.9-bin\repository\org\springframework\spring-orm\2.5.6\spring-orm-2.5.6.jar;E:\appiumjar\apache-maven-3.3.9-bin\repository\org\springframework\spring-tx\2.5.6\spring-tx-2.5.6.jar;E:\appiumjar\apache-maven-3.3.9-bin\repository\org\steel\4.6.4\steel-4.6.4.jar;E:\appiumjar\apache-maven-3.3.9-bin\repository\org\apache\ant\ant\1.9.4\ant-1.9.4.jar;E:\appiumjar\apache-maven-3.3.9-bin\repository\org\apache\ant\ant-launcher\1.9.4\ant-launcher-1.9.4.jar;E:\appiumjar\apache-maven-3.3.9-bin\repository\net\sourceforge\jexcelapi\jxl\2.6.12\jxl-2.6.12.jar;E:\appiumjar\apache-maven-3.3.9-bin\repository\javax\mail\mail\1.4.1\mail-1.4.1.jar;E:\appiumjar\apache-maven-3.3.9-bin\repository\javax\activation\activation\1.1\activation-1.1.jar;E:\appiumjar\apache-maven-3.3.9-bin\repository\org\slf4j\slf4j-log4j12\1.7.2\slf4j-log4j12-1.7.2.jar;E:\appiumjar\apache-maven-3.3.9-bin\repository\org\slf4j\slf4j-api\1.7.2\slf4j-api-1.7.2.jar;E:\appiumjar\apache-maven-3.3.9-bin\repository\log4j\log4j\1.2.17\log4j-1.2.17.jar;E:\appiumjar\apache-maven-3.3.9-bin\repository\mysql\mysql-connector-java\5.1.21\mysql-connector-java-5.1.21.jar;E:\appiumjar\apache-maven-3.3.9-bin\repository\org\mybatis\mybatis-spring\1.2.5\mybatis-spring-1.2.5.jar;E:\appiumjar\apache-maven-3.3.9-bin\repository\org\mybatis\mybatis\3.1.1\mybatis-3.1.1.jar;E:\appiumjar\apache-maven-3.3.9-bin\repository\c3p0\c3p0\0.9.1.2\c3p0-0.9.1.2.jar;E:\appiumjar\apache-maven-3.3.9-bin\repository\org\uncommons\reportng\1.1.4\reportng-1.1.4.jar;E:\appiumjar\apache-maven-3.3.9-bin\repository\velocity\velocity\1.4\velocity-1.4.jar;E:\appiumjar\apache-maven-3.3.9-bin\repository\velocity\velocity-dep\1.4\velocity-dep-1.4.jar;E:\appiumjar\apache-maven-3.3.9-bin\repository\com\google\inject\guice\3.0\guice-3.0.jar;E:\appiumjar\apache-maven-3.3.9-bin\repository\javax\inject\javax.inject\1\javax.inject-1.jar;"/>
    <property name="java.vm.specification.version" value="1.8"/>
    <property name="sun.arch.data.model" value="64"/>
    <property name="java.home" value="C:\Program Files\Java\jdk1.8.0_91\jre"/>
    <property name="sun.java.command" value="D:\workspacenew\maven\target\surefire\surefirebooter5295424046665910005.jar D:\workspacenew\maven\target\surefire\surefire2176011982677137497tmp D:\workspacenew\maven\target\surefire\surefire7896398067779873706tmp"/>
    <property name="java.specification.vendor" value="Oracle Corporation"/>
    <property name="user.language" value="zh"/>
    <property name="awt.toolkit" value="sun.awt.windows.WToolkit"/>
    <property name="java.vm.info" value="mixed mode"/>
    <property name="java.version" value="1.8.0_91"/>
    <property name="java.ext.dirs" value="C:\Program Files\Java\jdk1.8.0_91\jre\lib\ext;C:\Windows\Sun\Java\lib\ext"/>
    <property name="sun.boot.class.path" value="C:\Program Files\Java\jdk1.8.0_91\jre\lib\resources.jar;C:\Program Files\Java\jdk1.8.0_91\jre\lib\rt.jar;C:\Program Files\Java\jdk1.8.0_91\jre\lib\sunrsasign.jar;C:\Program Files\Java\jdk1.8.0_91\jre\lib\jsse.jar;C:\Program Files\Java\jdk1.8.0_91\jre\lib\jce.jar;C:\Program Files\Java\jdk1.8.0_91\jre\lib\charsets.jar;C:\Program Files\Java\jdk1.8.0_91\jre\lib\jfr.jar;C:\Program Files\Java\jdk1.8.0_91\jre\classes"/>
    <property name="java.vendor" value="Oracle Corporation"/>
    <property name="localRepository" value="E:\appiumjar\apache-maven-3.3.9-bin\repository"/>
    <property name="file.separator" value="\"/>
    <property name="java.vendor.url.bug" value="http://bugreport.sun.com/bugreport/"/>
    <property name="sun.cpu.endian" value="little"/>
    <property name="sun.io.unicode.encoding" value="UnicodeLittle"/>
    <property name="sun.desktop" value="windows"/>
    <property name="sun.cpu.isalist" value="amd64"/>
  </properties>
  <testcase classname="com.web.test.Common" name="inita" time="0.302"/>
</testsuite>