<?xml version="1.0" encoding="UTF-8"?>
<!-- Generated by org.testng.reporters.JUnitReportReporter -->
<testsuite hostname="DST65976" name="test.apptest.hotel.StarSearch" tests="4" failures="0" timestamp="26 Mar 2018 03:44:35 GMT" time="139.249" errors="0">
  <testcase name="twostarSearch" time="30.657" classname="test.apptest.hotel.StarSearch"/>
  <testcase name="defaultStarSearch" time="39.820" classname="test.apptest.hotel.StarSearch"/>
  <testcase name="Star345Search" time="38.286" classname="test.apptest.hotel.StarSearch"/>
  <testcase name="starSearch" time="30.486" classname="test.apptest.hotel.StarSearch"/>
</testsuite> <!-- test.apptest.hotel.StarSearch -->
