<?xml version="1.0" encoding="UTF-8"?>
<!-- Generated by org.testng.reporters.JUnitReportReporter -->
<testsuite hostname="XLH-20160517" name="com.web.test.Common" tests="1" failures="0" timestamp="17 Apr 2017 10:31:39 GMT" time="0.022" errors="0">
  <testcase name="testCollcetion" time="0.022" classname="com.web.test.Common"/>
</testsuite> <!-- com.web.test.Common -->
