<?xml version="1.0" encoding="UTF-8"?>
<!-- Generated by org.testng.reporters.JUnitReportReporter -->
<testsuite hostname="DST65976" name="test.apptest.hotel.SearchDomesticHotelName" tests="1" failures="0" timestamp="24 Feb 2018 08:24:02 GMT" time="79.761" errors="0">
  <testcase name="SearchDomesticHotelName" time="79.761" classname="test.apptest.hotel.SearchDomesticHotelName"/>
</testsuite> <!-- test.apptest.hotel.SearchDomesticHotelName -->
