<?xml version="1.0" encoding="UTF-8"?>
<!-- Generated by org.testng.reporters.JUnitReportReporter -->
<testsuite hostname="XLH-20160517" name="com.web.utils.TakeScreen" tests="1" failures="0" timestamp="5 May 2017 09:01:47 GMT" time="4.194" errors="0">
  <testcase name="test" time="4.194" classname="com.web.utils.TakeScreen"/>
</testsuite> <!-- com.web.utils.TakeScreen -->
