<?xml version="1.0" encoding="UTF-8"?>
<!-- Generated by org.testng.reporters.JUnitReportReporter -->
<testsuite hostname="DST65976" name="test.apptest.hotel.CtripHotel" tests="2" failures="0" timestamp="30 Jan 2018 01:42:01 GMT" time="32.293" errors="0">
  <testcase name="hotelLogin" time="16.167" classname="test.apptest.hotel.CtripHotel"/>
  <testcase name="hotelLogin" time="16.126" classname="test.apptest.hotel.CtripHotel"/>
</testsuite> <!-- test.apptest.hotel.CtripHotel -->
