<?xml version="1.0" encoding="UTF-8"?>
<!-- Generated by org.testng.reporters.JUnitReportReporter -->
<testsuite hostname="DST63453" name="orm.MySqlDao" tests="1" failures="0" timestamp="12 Jan 2018 10:49:06 GMT" time="0.272" errors="0">
  <testcase name="addData" time="0.272" classname="orm.MySqlDao"/>
</testsuite> <!-- orm.MySqlDao -->
