<?xml version="1.0" encoding="UTF-8"?>
<!-- Generated by org.testng.reporters.JUnitReportReporter -->
<testsuite hostname="DST65976" name="test.apptest.hotel.OrderPay" tests="1" failures="0" timestamp="13 Feb 2018 06:05:06 GMT" time="340.706" errors="0">
  <testcase name="cnyPay" time="340.706" classname="test.apptest.hotel.OrderPay"/>
</testsuite> <!-- test.apptest.hotel.OrderPay -->
