<?xml version="1.0" encoding="UTF-8"?>
<!-- Generated by org.testng.reporters.JUnitReportReporter -->
<testsuite hostname="DST65976" name="test.apptest.hotel.CtripHotel" tests="1" failures="0" timestamp="8 Jan 2018 07:10:04 GMT" time="175.597" errors="0">
  <testcase name="HotelLogin" time="175.597" classname="test.apptest.hotel.CtripHotel"/>
</testsuite> <!-- test.apptest.hotel.CtripHotel -->
