<?xml version="1.0" encoding="UTF-8"?>
<!-- Generated by org.testng.reporters.JUnitReportReporter -->
<testsuite hostname="XLH-20160517" name="com.web.test.Common" tests="3" failures="0" timestamp="8 Jun 2017 02:36:43 GMT" time="0.010" errors="0">
  <testcase name="testtest" time="0.002" classname="com.web.test.Common"/>
  <testcase name="mytest" time="0.006" classname="com.web.test.Common"/>
  <testcase name="tsetstring" time="0.002" classname="com.web.test.Common"/>
</testsuite> <!-- com.web.test.Common -->
