<?xml version="1.0" encoding="UTF-8"?>
<!-- Generated by org.testng.reporters.JUnitReportReporter -->
<testsuite hostname="DST59676" name="test.apptest.hotel.KrSearchJp" tests="1" failures="0" timestamp="11 Feb 2018 11:38:41 GMT" time="67.409" errors="0">
  <testcase name="krSearchJp" time="67.409" classname="test.apptest.hotel.KrSearchJp"/>
</testsuite> <!-- test.apptest.hotel.KrSearchJp -->
