<?xml version="1.0" encoding="UTF-8"?>
<!-- Generated by org.testng.reporters.JUnitReportReporter -->
<testsuite hostname="DST65976" name="test.apptest.hotel.HomeKeySearch" tests="1" failures="0" timestamp="6 Feb 2018 08:36:43 GMT" time="8.211" errors="0">
  <testcase name="recentSearches" time="8.211" classname="test.apptest.hotel.HomeKeySearch"/>
</testsuite> <!-- test.apptest.hotel.HomeKeySearch -->
