<?xml version="1.0" encoding="UTF-8"?>
<!-- Generated by org.testng.reporters.JUnitReportReporter -->
<testsuite hostname="DST65976" name="test.apptest.hotel.StarSearch" tests="4" failures="0" timestamp="24 Feb 2018 08:24:02 GMT" time="152.246" errors="0">
  <testcase name="twostarSearch" time="33.754" classname="test.apptest.hotel.StarSearch"/>
  <testcase name="starSearch" time="31.407" classname="test.apptest.hotel.StarSearch"/>
  <testcase name="defaultStarSearch" time="39.508" classname="test.apptest.hotel.StarSearch"/>
  <testcase name="Star345Search" time="47.577" classname="test.apptest.hotel.StarSearch"/>
</testsuite> <!-- test.apptest.hotel.StarSearch -->
