<?xml version="1.0" encoding="UTF-8"?>
<!-- Generated by org.testng.reporters.JUnitReportReporter -->
<testsuite hostname="DST65976" name="test.apptest.hotel.FavoriteHotels" tests="1" failures="0" timestamp="26 Mar 2018 03:13:53 GMT" time="36.312" errors="0">
  <testcase name="NoFavoriteHotels" time="36.312" classname="test.apptest.hotel.FavoriteHotels"/>
</testsuite> <!-- test.apptest.hotel.FavoriteHotels -->
