<?xml version="1.0" encoding="UTF-8"?>
<!-- Generated by org.testng.reporters.JUnitReportReporter -->
<testsuite hostname="DST65976" name="test.apptest.hotel.SearchHotelOverseasProvince" tests="1" failures="0" timestamp="24 Feb 2018 08:24:02 GMT" time="23.957" errors="0">
  <testcase name="SearchHotelOverseasProvince" time="23.957" classname="test.apptest.hotel.SearchHotelOverseasProvince"/>
</testsuite> <!-- test.apptest.hotel.SearchHotelOverseasProvince -->
