<?xml version="1.0" encoding="UTF-8"?>
<!-- Generated by org.testng.reporters.JUnitReportReporter -->
<testsuite hostname="DST63518" name="test.apptest.hotel.test" tests="3" failures="0" timestamp="26 Jan 2018 08:57:50 GMT" time="0.270" errors="0">
  <testcase name="testa" time="0.256" classname="test.apptest.hotel.test"/>
  <testcase name="testa" time="0.008" classname="test.apptest.hotel.test"/>
  <testcase name="testa" time="0.006" classname="test.apptest.hotel.test"/>
</testsuite> <!-- test.apptest.hotel.test -->
