<?xml version="1.0" encoding="UTF-8"?>
<!-- Generated by org.testng.reporters.JUnitReportReporter -->
<testsuite hostname="DST65976" name="test.apptest.hotel.FullRoomRate" tests="1" failures="0" timestamp="24 Feb 2018 08:24:02 GMT" time="20.769" errors="0">
  <testcase name="districtFullRoomRate" time="20.769" classname="test.apptest.hotel.FullRoomRate"/>
</testsuite> <!-- test.apptest.hotel.FullRoomRate -->
