<?xml version="1.0" encoding="UTF-8"?>
<!-- Generated by org.testng.reporters.JUnitReportReporter -->
<testsuite hostname="XLH-20160517" name="com.app.test.maven.Testng" tests="1" failures="0" timestamp="26 Dec 2016 05:29:09 GMT" time="0.023" errors="0">
  <testcase name="ooo" time="0.023" classname="com.app.test.maven.Testng"/>
</testsuite> <!-- com.app.test.maven.Testng -->
