<?xml version="1.0" encoding="UTF-8"?>
<!-- Generated by org.testng.reporters.JUnitReportReporter -->
<testsuite hostname="XLH-20160517" name="com.app.test.SpringTest" tests="1" failures="0" timestamp="9 Jan 2017 01:57:54 GMT" time="0.006" errors="0">
  <testcase name="mn" time="0.006" classname="com.app.test.SpringTest"/>
</testsuite> <!-- com.app.test.SpringTest -->
