<?xml version="1.0" encoding="UTF-8"?>
<!-- Generated by org.testng.reporters.JUnitReportReporter -->
<testsuite hostname="DST65976" name="test.apptest.hotel.RoomDisplay" tests="2" failures="0" timestamp="26 Mar 2018 03:13:53 GMT" time="70.337" errors="0">
  <testcase name="reviews" time="22.787" classname="test.apptest.hotel.RoomDisplay"/>
  <testcase name="RoomShell" time="47.550" classname="test.apptest.hotel.RoomDisplay"/>
</testsuite> <!-- test.apptest.hotel.RoomDisplay -->
