<?xml version="1.0" encoding="UTF-8"?>
<!-- Generated by org.testng.reporters.JUnitReportReporter -->
<testsuite hostname="XLH-20160517" name="com.web.test.Linster1Test" tests="2" failures="0" timestamp="18 Apr 2017 10:24:29 GMT" time="0.003" errors="0">
  <testcase name="test1" time="0.001" classname="com.web.test.Linster1Test"/>
  <testcase name="test1" time="0.002" classname="com.web.test.Linster1Test"/>
</testsuite> <!-- com.web.test.Linster1Test -->
