<?xml version="1.0" encoding="UTF-8"?>
<!-- Generated by org.testng.reporters.JUnitReportReporter -->
<testsuite hostname="DST65976" name="test.apptest.hotel.FullRoomRate" tests="1" failures="0" timestamp="26 Mar 2018 03:13:53 GMT" time="19.204" errors="0">
  <testcase name="districtFullRoomRate" time="19.204" classname="test.apptest.hotel.FullRoomRate"/>
</testsuite> <!-- test.apptest.hotel.FullRoomRate -->
