<?xml version="1.0" encoding="UTF-8"?>
<!-- Generated by org.testng.reporters.JUnitReportReporter -->
<testsuite hostname="DST65976" name="test.apptest.hotel.SearchDomesticHotelName" tests="1" failures="0" timestamp="1 Mar 2018 04:25:55 GMT" time="81.746" errors="0">
  <testcase name="SearchDomesticHotelName" time="81.746" classname="test.apptest.hotel.SearchDomesticHotelName"/>
</testsuite> <!-- test.apptest.hotel.SearchDomesticHotelName -->
