<?xml version="1.0" encoding="UTF-8"?>
<!-- Generated by org.testng.reporters.JUnitReportReporter -->
<testsuite hostname="DST63518" name="test.apptest.hotel.test" tests="3" failures="0" timestamp="26 Jan 2018 08:39:21 GMT" time="0.369" errors="0">
  <testcase name="testa" time="0.351" classname="test.apptest.hotel.test"/>
  <testcase name="testa" time="0.011" classname="test.apptest.hotel.test"/>
  <testcase name="testa" time="0.007" classname="test.apptest.hotel.test"/>
</testsuite> <!-- test.apptest.hotel.test -->
