<?xml version="1.0" encoding="UTF-8"?>
<!-- Generated by org.testng.reporters.JUnitReportReporter -->
<testsuite hostname="XLH-20160517" name="com.app.test.maven.Animal" tests="1" failures="0" timestamp="6 Jan 2017 06:44:46 GMT" time="0.018" errors="0">
  <testcase name="eat" time="0.018" classname="com.app.test.maven.Animal"/>
</testsuite> <!-- com.app.test.maven.Animal -->
