<?xml version="1.0" encoding="UTF-8"?>
<!-- Generated by org.testng.reporters.JUnitReportReporter -->
<testsuite hostname="DST65976" name="com.web.test.WebTestDemo" tests="1" failures="0" timestamp="12 Jan 2018 08:07:38 GMT" time="13.041" errors="0">
  <testcase name="OpenUrl" time="13.041" classname="com.web.test.WebTestDemo"/>
</testsuite> <!-- com.web.test.WebTestDemo -->
