<?xml version="1.0" encoding="UTF-8"?>
<!-- Generated by org.testng.reporters.JUnitReportReporter -->
<testsuite hostname="DST65976" name="test.apptest.hotel.SearchForDomesticAttractions" tests="1" failures="0" timestamp="1 Mar 2018 04:25:55 GMT" time="24.014" errors="0">
  <testcase name="searchForDomesticAttractions" time="24.014" classname="test.apptest.hotel.SearchForDomesticAttractions"/>
</testsuite> <!-- test.apptest.hotel.SearchForDomesticAttractions -->
