<?xml version="1.0" encoding="UTF-8"?>
<!-- Generated by org.testng.reporters.JUnitReportReporter -->
<testsuite hostname="DST63453" name="test.apptest.hotel.SearchForDomesticAttractions" tests="1" failures="0" timestamp="9 Feb 2018 07:39:19 GMT" time="23.796" errors="0">
  <testcase name="searchForDomesticAttractions" time="23.796" classname="test.apptest.hotel.SearchForDomesticAttractions"/>
</testsuite> <!-- test.apptest.hotel.SearchForDomesticAttractions -->
