<?xml version="1.0" encoding="UTF-8"?>
<!-- Generated by org.testng.reporters.JUnitReportReporter -->
<testsuite hostname="DST63453" name="test.apptest.hotel.FullRoomRate" tests="1" failures="0" timestamp="12 Jan 2018 11:13:59 GMT" time="32.741" errors="0">
  <testcase name="districtFullRoomRate" time="32.741" classname="test.apptest.hotel.FullRoomRate"/>
</testsuite> <!-- test.apptest.hotel.FullRoomRate -->
