<?xml version="1.0" encoding="UTF-8"?>
<!-- Generated by org.testng.reporters.JUnitReportReporter -->
<testsuite hostname="DST59676" name="test.apptest.hotel.SelectFavoriteCity" tests="1" failures="0" timestamp="18 Jan 2018 02:37:04 GMT" time="24.556" errors="0">
  <testcase name="selectFavoriteCity" time="24.556" classname="test.apptest.hotel.SelectFavoriteCity"/>
</testsuite> <!-- test.apptest.hotel.SelectFavoriteCity -->
