<?xml version="1.0" encoding="UTF-8"?>
<!-- Generated by org.testng.reporters.JUnitReportReporter -->
<testsuite hostname="DST65976" name="orm.MySqlDao" tests="1" failures="0" timestamp="8 Jan 2018 07:06:24 GMT" time="0.256" errors="0">
  <testcase name="addData" time="0.256" classname="orm.MySqlDao"/>
</testsuite> <!-- orm.MySqlDao -->
