<?xml version="1.0" encoding="UTF-8"?>
<!-- Generated by org.testng.reporters.JUnitReportReporter -->
<testsuite hostname="DST59676" name="test.apptest.hotel.FavoriteHotels" tests="1" failures="0" timestamp="18 Jan 2018 03:13:16 GMT" time="53.411" errors="0">
  <testcase name="menuHome" time="53.411" classname="test.apptest.hotel.FavoriteHotels"/>
</testsuite> <!-- test.apptest.hotel.FavoriteHotels -->
