<?xml version="1.0" encoding="UTF-8"?>
<!-- Generated by org.testng.reporters.JUnitReportReporter -->
<testsuite hostname="DST65976" name="test.apptest.hotel.test" tests="3" failures="0" timestamp="12 Jan 2018 05:31:25 GMT" time="0.245" errors="0">
  <testcase name="testa" time="0.007" classname="test.apptest.hotel.test"/>
  <testcase name="testa" time="0.234" classname="test.apptest.hotel.test"/>
  <testcase name="testa" time="0.004" classname="test.apptest.hotel.test"/>
</testsuite> <!-- test.apptest.hotel.test -->
