<?xml version="1.0" encoding="UTF-8"?>
<!-- Generated by org.testng.reporters.JUnitReportReporter -->
<testsuite hostname="DST65976" name="test.apptest.hotel.test" tests="3" failures="0" timestamp="8 Jan 2018 07:22:49 GMT" time="0.007" errors="0">
  <testcase name="testa" time="0.002" classname="test.apptest.hotel.test"/>
  <testcase name="testa" time="0.004" classname="test.apptest.hotel.test"/>
  <testcase name="testa" time="0.001" classname="test.apptest.hotel.test"/>
</testsuite> <!-- test.apptest.hotel.test -->
