<?xml version="1.0" encoding="UTF-8"?>
<!-- Generated by org.testng.reporters.JUnitReportReporter -->
<testsuite hostname="XLH-20160517" name="com.web.test.Common" tests="1" failures="0" timestamp="3 Mar 2017 06:14:47 GMT" time="0.009" errors="0">
  <testcase name="testCollcetion" time="0.009" classname="com.web.test.Common"/>
</testsuite> <!-- com.web.test.Common -->
