<?xml version="1.0" encoding="UTF-8"?>
<!-- Generated by org.testng.reporters.JUnitReportReporter -->
<testsuite hostname="XLH-20160517" name="com.app.test.SpringBase" tests="1" failures="0" timestamp="9 Jan 2017 06:35:02 GMT" time="0.042" errors="0">
  <testcase name="logger" time="0.042" classname="com.app.test.SpringBase"/>
</testsuite> <!-- com.app.test.SpringBase -->
