<?xml version="1.0" encoding="UTF-8"?>
<!-- Generated by org.testng.reporters.JUnitReportReporter -->
<testsuite hostname="DST59676" name="test.apptest.hotel.test" tests="3" failures="0" timestamp="18 Jan 2018 07:42:36 GMT" time="0.287" errors="0">
  <testcase name="testa" time="0.010" classname="test.apptest.hotel.test"/>
  <testcase name="testa" time="0.266" classname="test.apptest.hotel.test"/>
  <testcase name="testa" time="0.011" classname="test.apptest.hotel.test"/>
</testsuite> <!-- test.apptest.hotel.test -->
