<?xml version="1.0" encoding="UTF-8"?>
<!-- Generated by org.testng.reporters.JUnitReportReporter -->
<testsuite hostname="DST59676" name="test.apptest.hotel.FavoriteHotels" tests="1" failures="0" timestamp="15 Jan 2018 12:13:35 GMT" time="70.931" errors="0">
  <testcase name="menuHome" time="70.931" classname="test.apptest.hotel.FavoriteHotels"/>
</testsuite> <!-- test.apptest.hotel.FavoriteHotels -->
