<?xml version="1.0" encoding="UTF-8"?>
<!-- Generated by org.testng.reporters.JUnitReportReporter -->
<testsuite hostname="DST59676" name="test.apptest.hotel.ListChangeCurrency" tests="2" failures="0" timestamp="5 Mar 2018 12:32:03 GMT" time="80.241" errors="0">
  <testcase name="listChangeKRW" time="47.027" classname="test.apptest.hotel.ListChangeCurrency"/>
  <testcase name="listChangePHP" time="33.214" classname="test.apptest.hotel.ListChangeCurrency"/>
</testsuite> <!-- test.apptest.hotel.ListChangeCurrency -->
