<?xml version="1.0" encoding="UTF-8"?>
<!-- Generated by org.testng.reporters.JUnitReportReporter -->
<testsuite hostname="DST59676" name="test.apptest.hotel.ListWithOtherPage" tests="1" failures="0" timestamp="5 Mar 2018 12:23:09 GMT" time="72.701" errors="0">
  <testcase name="listWithOther" time="72.701" classname="test.apptest.hotel.ListWithOtherPage"/>
</testsuite> <!-- test.apptest.hotel.ListWithOtherPage -->
