<?xml version="1.0" encoding="UTF-8"?>
<!-- Generated by org.testng.reporters.JUnitReportReporter -->
<testsuite hostname="DST59676" name="test.apptest.hotel.test" tests="3" failures="0" timestamp="15 Jan 2018 12:07:21 GMT" time="0.288" errors="0">
  <testcase name="testa" time="0.276" classname="test.apptest.hotel.test"/>
  <testcase name="testa" time="0.006" classname="test.apptest.hotel.test"/>
  <testcase name="testa" time="0.006" classname="test.apptest.hotel.test"/>
</testsuite> <!-- test.apptest.hotel.test -->
