<?xml version="1.0" encoding="UTF-8"?>
<!-- Generated by org.testng.reporters.JUnitReportReporter -->
<testsuite hostname="DST59676" name="test.apptest.hotel.HomeKeySearch" tests="1" failures="0" timestamp="7 Feb 2018 03:11:57 GMT" time="9.170" errors="0">
  <testcase name="recentSearches" time="9.170" classname="test.apptest.hotel.HomeKeySearch"/>
</testsuite> <!-- test.apptest.hotel.HomeKeySearch -->
