<?xml version="1.0" encoding="UTF-8"?>
<!-- Generated by org.testng.reporters.JUnitReportReporter -->
<testsuite hostname="DST65976" name="test.apptest.hotel.test2" tests="2" failures="0" timestamp="19 Jan 2018 03:28:55 GMT" time="0.240" errors="0">
  <testcase name="testb" time="0.003" classname="test.apptest.hotel.test2"/>
  <testcase name="testc" time="0.237" classname="test.apptest.hotel.test2"/>
</testsuite> <!-- test.apptest.hotel.test2 -->
