<?xml version="1.0" encoding="UTF-8"?>
<!-- Generated by org.testng.reporters.JUnitReportReporter -->
<testsuite hostname="XLH-20160517" name="com.web.test.Common2" tests="1" failures="0" timestamp="5 Apr 2017 09:15:07 GMT" time="0.011" errors="0">
  <testcase name="testCollcetion" time="0.011" classname="com.web.test.Common2"/>
</testsuite> <!-- com.web.test.Common2 -->
