<?xml version="1.0" encoding="UTF-8"?>
<!-- Generated by org.testng.reporters.JUnitReportReporter -->
<testsuite hostname="HP-HP" name="orm.MySqlDao" tests="1" failures="0" timestamp="5 Jan 2018 17:33:36 GMT" time="0.535" errors="0">
  <testcase name="addData" time="0.535" classname="orm.MySqlDao"/>
</testsuite> <!-- orm.MySqlDao -->
