<?xml version="1.0" encoding="UTF-8"?>
<!-- Generated by org.testng.reporters.JUnitReportReporter -->
<<<<<<< HEAD
<testsuite hostname="DST65976" name="test.apptest.hotel.test" tests="3" failures="0" timestamp="19 Jan 2018 03:28:55 GMT" time="0.008" errors="0">
  <testcase name="testa" time="0.003" classname="test.apptest.hotel.test"/>
  <testcase name="testa" time="0.003" classname="test.apptest.hotel.test"/>
  <testcase name="testa" time="0.002" classname="test.apptest.hotel.test"/>
=======
<testsuite hostname="DST59676" name="test.apptest.hotel.test" tests="3" failures="0" timestamp="15 Jan 2018 12:07:21 GMT" time="0.288" errors="0">
  <testcase name="testa" time="0.276" classname="test.apptest.hotel.test"/>
  <testcase name="testa" time="0.006" classname="test.apptest.hotel.test"/>
  <testcase name="testa" time="0.006" classname="test.apptest.hotel.test"/>
>>>>>>> 43c8f39dda80a2ece2c57248b9bda1b048038a2c
</testsuite> <!-- test.apptest.hotel.test -->
