<?xml version="1.0" encoding="UTF-8"?>
<!-- Generated by org.testng.reporters.JUnitReportReporter -->
<testsuite hostname="XLH-20160517" name="com.web.test.MySqlDao" tests="1" failures="0" timestamp="15 Feb 2017 05:32:04 GMT" time="0.311" errors="0">
  <testcase name="find" time="0.311" classname="com.web.test.MySqlDao"/>
</testsuite> <!-- com.web.test.MySqlDao -->
