<?xml version="1.0" encoding="UTF-8"?>
<!-- Generated by org.testng.reporters.JUnitReportReporter -->
<testsuite hostname="DST59676" name="test.apptest.hotel.GetCalendar" tests="1" failures="0" timestamp="22 Jan 2018 11:13:00 GMT" time="0.353" errors="0">
  <testcase name="getCalendar" time="0.353" classname="test.apptest.hotel.GetCalendar"/>
</testsuite> <!-- test.apptest.hotel.GetCalendar -->
