<?xml version="1.0" encoding="UTF-8"?>
<!-- Generated by org.testng.reporters.JUnitReportReporter -->
<testsuite hostname="DST65976" name="test.selftest.test2" tests="1" failures="0" timestamp="23 Feb 2018 11:29:18 GMT" time="0.228" errors="0">
  <testcase name="testb2" time="0.228" classname="test.selftest.test2"/>
</testsuite> <!-- test.selftest.test2 -->
