<?xml version="1.0" encoding="UTF-8"?>
<!-- Generated by org.testng.reporters.JUnitReportReporter -->
<testsuite hostname="XLH-20160517" name="com.app.test.AppTest" tests="1" failures="0" timestamp="10 Feb 2017 07:55:58 GMT" time="0.008" errors="0">
  <testcase name="mn" time="0.008" classname="com.app.test.AppTest"/>
</testsuite> <!-- com.app.test.AppTest -->
