<?xml version="1.0" encoding="UTF-8"?>
<!-- Generated by org.testng.reporters.JUnitReportReporter -->
<testsuite hostname="DST65976" name="test.apptest.hotel.FullRoomRate" tests="1" failures="0" timestamp="26 Feb 2018 04:55:50 GMT" time="21.501" errors="0">
  <testcase name="districtFullRoomRate" time="21.501" classname="test.apptest.hotel.FullRoomRate"/>
</testsuite> <!-- test.apptest.hotel.FullRoomRate -->
