<?xml version="1.0" encoding="UTF-8"?>
<!-- Generated by org.testng.reporters.JUnitReportReporter -->
<testsuite hostname="HP-HP" name="test.apptest.hotel.test" tests="3" failures="0" timestamp="5 Jan 2018 17:03:21 GMT" time="0.017" errors="0">
  <testcase name="testa" time="0.009" classname="test.apptest.hotel.test"/>
  <testcase name="testa" time="0.006" classname="test.apptest.hotel.test"/>
  <testcase name="testa" time="0.002" classname="test.apptest.hotel.test"/>
</testsuite> <!-- test.apptest.hotel.test -->
