<?xml version="1.0" encoding="UTF-8"?>
<!-- Generated by org.testng.reporters.JUnitReportReporter -->
<testsuite hostname="XLH-20160517" name="com.web.test.Linster1Test" tests="1" failures="0" timestamp="9 May 2017 01:21:32 GMT" time="0.007" errors="0">
  <testcase name="test1" time="0.007" classname="com.web.test.Linster1Test"/>
</testsuite> <!-- com.web.test.Linster1Test -->
