<?xml version="1.0" encoding="UTF-8"?>
<!-- Generated by org.testng.reporters.JUnitReportReporter -->
<testsuite hostname="DST65976" name="com.web.utils.TakeScreen" tests="1" failures="0" timestamp="24 Feb 2018 11:44:56 GMT" time="3.806" errors="0">
  <testcase name="picture" time="3.806" classname="com.web.utils.TakeScreen"/>
</testsuite> <!-- com.web.utils.TakeScreen -->
