<?xml version="1.0" encoding="UTF-8"?>
<!-- Generated by org.testng.reporters.JUnitReportReporter -->
<testsuite hostname="DST63453" name="test.apptest.hotel.StarSearch" tests="1" failures="0" timestamp="9 Feb 2018 08:23:24 GMT" time="27.977" errors="0">
  <testcase name="starSearch" time="27.977" classname="test.apptest.hotel.StarSearch"/>
</testsuite> <!-- test.apptest.hotel.StarSearch -->
