<?xml version="1.0" encoding="UTF-8"?>
<!-- Generated by org.testng.reporters.JUnitReportReporter -->
<testsuite hostname="DST65976" name="test.apptest.hotel.OrderPrePay" tests="8" failures="0" timestamp="2 Mar 2018 09:28:32 GMT" time="1932.728" errors="0">
  <testcase name="prePay" time="259.219" classname="test.apptest.hotel.OrderPrePay"/>
  <testcase name="prePay" time="228.363" classname="test.apptest.hotel.OrderPrePay"/>
  <testcase name="prePay" time="216.185" classname="test.apptest.hotel.OrderPrePay"/>
  <testcase name="prePay" time="267.251" classname="test.apptest.hotel.OrderPrePay"/>
  <testcase name="prePay" time="225.900" classname="test.apptest.hotel.OrderPrePay"/>
  <testcase name="prePay" time="220.700" classname="test.apptest.hotel.OrderPrePay"/>
  <testcase name="prePay" time="263.560" classname="test.apptest.hotel.OrderPrePay"/>
  <testcase name="prePay" time="251.550" classname="test.apptest.hotel.OrderPrePay"/>
</testsuite> <!-- test.apptest.hotel.OrderPrePay -->
