<?xml version="1.0" encoding="UTF-8"?>
<!-- Generated by org.testng.reporters.JUnitReportReporter -->
<testsuite hostname="DST65976" name="test.apptest.hotel.FullRoomRate" tests="1" failures="0" timestamp="1 Mar 2018 04:25:55 GMT" time="22.283" errors="0">
  <testcase name="districtFullRoomRate" time="22.283" classname="test.apptest.hotel.FullRoomRate"/>
</testsuite> <!-- test.apptest.hotel.FullRoomRate -->
