<?xml version="1.0" encoding="UTF-8"?>
<!-- Generated by org.testng.reporters.JUnitReportReporter -->
<testsuite hostname="XLH-20160517" name="com.web.test.Common" tests="1" failures="0" timestamp="10 Mar 2017 08:14:57 GMT" time="0.007" errors="0">
  <testcase name="testCollcetion" time="0.007" classname="com.web.test.Common"/>
</testsuite> <!-- com.web.test.Common -->
