<?xml version="1.0" encoding="UTF-8"?>
<!-- Generated by org.testng.reporters.JUnitReportReporter -->
<testsuite hostname="DST65976" name="test.apptest.hotel.SearchHotelOverseasProvince" tests="1" failures="0" timestamp="1 Mar 2018 04:25:55 GMT" time="25.275" errors="0">
  <testcase name="SearchHotelOverseasProvince" time="25.275" classname="test.apptest.hotel.SearchHotelOverseasProvince"/>
</testsuite> <!-- test.apptest.hotel.SearchHotelOverseasProvince -->
