<?xml version="1.0" encoding="UTF-8"?>
<!-- Generated by org.testng.reporters.JUnitReportReporter -->
<testsuite hostname="DST65976" name="test.apptest.hotel.SearchForDomesticAttractions" tests="1" failures="0" timestamp="26 Mar 2018 03:13:53 GMT" time="18.346" errors="0">
  <testcase name="searchForDomesticAttractions" time="18.346" classname="test.apptest.hotel.SearchForDomesticAttractions"/>
</testsuite> <!-- test.apptest.hotel.SearchForDomesticAttractions -->
