<?xml version="1.0" encoding="UTF-8"?>
<!-- Generated by org.testng.reporters.JUnitReportReporter -->
<testsuite hostname="DST63453" name="test.apptest.hotel.MyHotelOrder" tests="1" failures="0" timestamp="23 Feb 2018 08:38:46 GMT" time="59.780" errors="0">
  <testcase name="noBookingsFound" time="59.780" classname="test.apptest.hotel.MyHotelOrder"/>
</testsuite> <!-- test.apptest.hotel.MyHotelOrder -->
