<?xml version="1.0" encoding="UTF-8"?>
<!-- Generated by org.testng.reporters.JUnitReportReporter -->
<testsuite hostname="DST65976" name="orm.MySqlDao" tests="1" failures="0" timestamp="12 Jan 2018 05:22:41 GMT" time="0.257" errors="0">
  <testcase name="addData" time="0.257" classname="orm.MySqlDao"/>
</testsuite> <!-- orm.MySqlDao -->
