<?xml version="1.0" encoding="UTF-8"?>
<!-- Generated by org.testng.reporters.JUnitReportReporter -->
<testsuite hostname="DST59676" name="test.apptest.hotel.BookGuaranteeHotel" tests="1" failures="0" timestamp="19 Jan 2018 06:31:04 GMT" time="28.687" errors="0">
  <testcase name="bookGuaranteeHotel" time="28.687" classname="test.apptest.hotel.BookGuaranteeHotel"/>
</testsuite> <!-- test.apptest.hotel.BookGuaranteeHotel -->
