<?xml version="1.0" encoding="UTF-8"?>
<!-- Generated by org.testng.reporters.JUnitReportReporter -->
<testsuite hostname="DST65976" name="test.selftest.test2" tests="1" failures="0" timestamp="14 Feb 2018 06:28:11 GMT" time="0.270" errors="0">
  <testcase name="testb1" time="0.270" classname="test.selftest.test2"/>
</testsuite> <!-- test.selftest.test2 -->
