<?xml version="1.0" encoding="UTF-8"?>
<!-- Generated by org.testng.reporters.JUnitReportReporter -->
<testsuite hostname="XLH-20160517" name="com.app.test.AppTest2" tests="1" failures="0" timestamp="13 Feb 2017 06:23:45 GMT" time="0.007" errors="0">
  <testcase name="mn" time="0.007" classname="com.app.test.AppTest2"/>
</testsuite> <!-- com.app.test.AppTest2 -->
