<?xml version="1.0" encoding="UTF-8"?>
<!-- Generated by org.testng.reporters.JUnitReportReporter -->
<testsuite hostname="DST65976" name="test.apptest.hotel.StarSearch" tests="4" failures="0" timestamp="26 Feb 2018 04:55:50 GMT" time="155.741" errors="0">
  <testcase name="defaultStarSearch" time="41.753" classname="test.apptest.hotel.StarSearch"/>
  <testcase name="starSearch" time="33.630" classname="test.apptest.hotel.StarSearch"/>
  <testcase name="twostarSearch" time="31.892" classname="test.apptest.hotel.StarSearch"/>
  <testcase name="Star345Search" time="48.466" classname="test.apptest.hotel.StarSearch"/>
</testsuite> <!-- test.apptest.hotel.StarSearch -->
