<?xml version="1.0" encoding="UTF-8"?>
<!-- Generated by org.testng.reporters.JUnitReportReporter -->
<testsuite hostname="DST65976" name="com.web.test.WebTestDemo" tests="1" failures="0" timestamp="29 Mar 2018 03:08:24 GMT" time="16.754" errors="0">
  <testcase name="OpenUrl" time="16.754" classname="com.web.test.WebTestDemo"/>
</testsuite> <!-- com.web.test.WebTestDemo -->
