<?xml version="1.0" encoding="UTF-8"?>
<!-- Generated by org.testng.reporters.JUnitReportReporter -->
<testsuite hostname="XLH-20160517" name="com.web.test.Common" tests="1" failures="0" timestamp="28 Apr 2017 06:59:12 GMT" time="5.188" errors="0">
  <testcase name="testCollcetion" time="5.188" classname="com.web.test.Common"/>
</testsuite> <!-- com.web.test.Common -->
