<?xml version="1.0" encoding="UTF-8"?>
<!-- Generated by org.testng.reporters.JUnitReportReporter -->
<testsuite hostname="DST63453" name="test.apptest.hotel.StarSearch" tests="1" failures="0" timestamp="12 Feb 2018 04:39:31 GMT" time="54.774" errors="0">
  <testcase name="starSearch" time="54.774" classname="test.apptest.hotel.StarSearch"/>
</testsuite> <!-- test.apptest.hotel.StarSearch -->
