<?xml version="1.0" encoding="UTF-8"?>
<!-- Generated by org.testng.reporters.JUnitReportReporter -->
<testsuite hostname="DST65976" name="test.apptest.hotel.StarSearch" tests="4" failures="0" timestamp="1 Mar 2018 04:25:55 GMT" time="156.491" errors="0">
  <testcase name="starSearch" time="32.340" classname="test.apptest.hotel.StarSearch"/>
  <testcase name="Star345Search" time="39.061" classname="test.apptest.hotel.StarSearch"/>
  <testcase name="twostarSearch" time="30.481" classname="test.apptest.hotel.StarSearch"/>
  <testcase name="defaultStarSearch" time="54.609" classname="test.apptest.hotel.StarSearch"/>
</testsuite> <!-- test.apptest.hotel.StarSearch -->
