<?xml version="1.0" encoding="UTF-8"?>
<!-- Generated by org.testng.reporters.JUnitReportReporter -->
<testsuite hostname="DST65976" name="com.web.utils.TakeScreen" tests="1" failures="0" timestamp="5 Feb 2018 07:29:20 GMT" time="3.455" errors="0">
  <testcase name="test" time="3.455" classname="com.web.utils.TakeScreen"/>
</testsuite> <!-- com.web.utils.TakeScreen -->
