<?xml version="1.0" encoding="UTF-8"?>
<!-- Generated by org.testng.reporters.JUnitReportReporter -->
<testsuite hostname="DST59676" name="test.apptest.hotel.StarSearch" tests="1" failures="0" timestamp="12 Feb 2018 06:02:50 GMT" time="54.938" errors="0">
  <testcase name="twostarSearch" time="54.938" classname="test.apptest.hotel.StarSearch"/>
</testsuite> <!-- test.apptest.hotel.StarSearch -->
