<?xml version="1.0" encoding="UTF-8"?>
<!-- Generated by org.testng.reporters.JUnitReportReporter -->
<testsuite hostname="DST65976" name="test.apptest.hotel.HotelSearchEngine" tests="3" failures="0" timestamp="1 Feb 2018 07:04:34 GMT" time="43.923" errors="0">
  <testcase name="hotelSearch" time="15.312" classname="test.apptest.hotel.HotelSearchEngine"/>
  <testcase name="hotelSearch" time="14.227" classname="test.apptest.hotel.HotelSearchEngine"/>
  <testcase name="hotelSearch" time="14.384" classname="test.apptest.hotel.HotelSearchEngine"/>
</testsuite> <!-- test.apptest.hotel.HotelSearchEngine -->
