<?xml version="1.0" encoding="UTF-8"?>
<!-- Generated by org.testng.reporters.JUnitReportReporter -->
<testsuite hostname="DST65976" name="test.apptest.hotel.OrderPrePay" tests="8" failures="0" timestamp="14 Feb 2018 07:46:22 GMT" time="1637.730" errors="0">
  <testcase name="prePay" time="194.438" classname="test.apptest.hotel.OrderPrePay"/>
  <testcase name="prePay" time="253.365" classname="test.apptest.hotel.OrderPrePay"/>
  <testcase name="prePay" time="197.758" classname="test.apptest.hotel.OrderPrePay"/>
  <testcase name="prePay" time="195.964" classname="test.apptest.hotel.OrderPrePay"/>
  <testcase name="prePay" time="205.698" classname="test.apptest.hotel.OrderPrePay"/>
  <testcase name="prePay" time="203.981" classname="test.apptest.hotel.OrderPrePay"/>
  <testcase name="prePay" time="191.690" classname="test.apptest.hotel.OrderPrePay"/>
  <testcase name="prePay" time="194.836" classname="test.apptest.hotel.OrderPrePay"/>
</testsuite> <!-- test.apptest.hotel.OrderPrePay -->
