<?xml version="1.0" encoding="UTF-8"?>
<!-- Generated by org.testng.reporters.JUnitReportReporter -->
<testsuite hostname="DST65976" name="com.web.test.Common" tests="1" failures="0" timestamp="7 Feb 2018 09:52:28 GMT" time="0.007" errors="0">
  <testcase name="testtest" time="0.007" classname="com.web.test.Common"/>
</testsuite> <!-- com.web.test.Common -->
