<?xml version="1.0" encoding="UTF-8"?>
<!-- Generated by org.testng.reporters.JUnitReportReporter -->
<testsuite hostname="DST63453" name="test.apptest.hotel.CtripHotel" tests="1" failures="0" timestamp="12 Jan 2018 11:06:15 GMT" time="12.875" errors="0">
  <testcase name="PrePay" time="12.875" classname="test.apptest.hotel.CtripHotel"/>
</testsuite> <!-- test.apptest.hotel.CtripHotel -->
