<?xml version="1.0" encoding="UTF-8"?>
<!-- Generated by org.testng.reporters.JUnitReportReporter -->
<testsuite hostname="DST65976" name="test.selftest.test2" tests="1" failures="0" timestamp="1 Feb 2018 04:28:27 GMT" time="0.261" errors="0">
  <testcase name="read" time="0.261" classname="test.selftest.test2"/>
</testsuite> <!-- test.selftest.test2 -->
