<?xml version="1.0" encoding="UTF-8"?>
<!-- Generated by org.testng.reporters.JUnitReportReporter -->
<testsuite hostname="DST63453" name="test.apptest.hotel.AdultChildrenSearch" tests="1" failures="0" timestamp="11 Feb 2018 10:32:34 GMT" time="48.949" errors="0">
  <testcase name="adultChildrenSearch" time="48.949" classname="test.apptest.hotel.AdultChildrenSearch"/>
</testsuite> <!-- test.apptest.hotel.AdultChildrenSearch -->
