<?xml version="1.0" encoding="UTF-8"?>
<!-- Generated by org.testng.reporters.JUnitReportReporter -->
<testsuite hostname="XLH-20160517" name="com.app.test.Common" tests="1" failures="0" timestamp="14 Feb 2017 05:20:39 GMT" time="0.009" errors="0">
  <testcase name="inita" time="0.009" classname="com.app.test.Common"/>
</testsuite> <!-- com.app.test.Common -->
