<?xml version="1.0" encoding="UTF-8"?>
<!-- Generated by org.testng.reporters.JUnitReportReporter -->
<testsuite hostname="DST65976" name="test.apptest.hotel.test2" tests="1" failures="0" timestamp="25 Jan 2018 02:22:49 GMT" time="12.905" errors="0">
  <testcase name="readTest" time="12.905" classname="test.apptest.hotel.test2"/>
</testsuite> <!-- test.apptest.hotel.test2 -->
