<?xml version="1.0" encoding="UTF-8"?>
<!-- Generated by org.testng.reporters.JUnitReportReporter -->
<testsuite hostname="DST65976" name="test.apptest.hotel.SearchHotelOverseasProvince" tests="1" failures="1" timestamp="26 Feb 2018 04:55:50 GMT" time="0.001" errors="0">
  <testcase name="SearchHotelOverseasProvince" time="0.001" classname="test.apptest.hotel.SearchHotelOverseasProvince">
    <failure type="org.openqa.selenium.TimeoutException" message="Timed out after 30 seconds waiting for element to be clickable: By.id: iv_back
Build info: version: &#039;2.53.1&#039;, revision: &#039;a36b8b1cd5757287168e54b817830adce9b0158d&#039;, time: &#039;2016-06-30 19:26:09&#039;
System info: host: &#039;DST65976&#039;, ip: &#039;10.32.86.32&#039;, os.name: &#039;Windows 7&#039;, os.arch: &#039;amd64&#039;, os.version: &#039;6.1&#039;, java.version: &#039;1.8.0_121&#039;
Driver info: io.appium.java_client.android.AndroidDriver
Capabilities [{appPackage=ctrip.english, noReset=true, deviceName=127.0.0.1:62025, platform=LINUX, deviceUDID=127.0.0.1:62025, desired={appPackage=ctrip.english, appActivity=com.ctrip.ibu.myctrip.main.module.home.IBUHomeActivity, noReset=true, noSign=true, newCommandTimeout=10, platformVersion=null, browserName=, unicodeKeyboard=true, platformName=Android, deviceName=Android Emulator, resetKeyboard=true, autoAcceptAlerts=True}, newCommandTimeout=10, platformVersion=5.1.1, webStorageEnabled=false, takesScreenshot=true, browserName=, javascriptEnabled=true, unicodeKeyboard=true, platformName=Android, deviceManufacturer=Xiaomi, resetKeyboard=true, deviceScreenSize=720x1280, networkConnectionEnabled=true, noSign=true, warnings={}, databaseEnabled=false, appActivity=com.ctrip.ibu.myctrip.main.module.home.IBUHomeActivity, locationContextEnabled=false, deviceModel=MI 6, autoAcceptAlerts=True}]
Session ID: a81636de-0149-42e0-86b1-082c44d65cb3">
      <![CDATA[org.openqa.selenium.TimeoutException: Timed out after 30 seconds waiting for element to be clickable: By.id: iv_back
Build info: version: '2.53.1', revision: 'a36b8b1cd5757287168e54b817830adce9b0158d', time: '2016-06-30 19:26:09'
System info: host: 'DST65976', ip: '10.32.86.32', os.name: 'Windows 7', os.arch: 'amd64', os.version: '6.1', java.version: '1.8.0_121'
Driver info: io.appium.java_client.android.AndroidDriver
Capabilities [{appPackage=ctrip.english, noReset=true, deviceName=127.0.0.1:62025, platform=LINUX, deviceUDID=127.0.0.1:62025, desired={appPackage=ctrip.english, appActivity=com.ctrip.ibu.myctrip.main.module.home.IBUHomeActivity, noReset=true, noSign=true, newCommandTimeout=10, platformVersion=null, browserName=, unicodeKeyboard=true, platformName=Android, deviceName=Android Emulator, resetKeyboard=true, autoAcceptAlerts=True}, newCommandTimeout=10, platformVersion=5.1.1, webStorageEnabled=false, takesScreenshot=true, browserName=, javascriptEnabled=true, unicodeKeyboard=true, platformName=Android, deviceManufacturer=Xiaomi, resetKeyboard=true, deviceScreenSize=720x1280, networkConnectionEnabled=true, noSign=true, warnings={}, databaseEnabled=false, appActivity=com.ctrip.ibu.myctrip.main.module.home.IBUHomeActivity, locationContextEnabled=false, deviceModel=MI 6, autoAcceptAlerts=True}]
Session ID: a81636de-0149-42e0-86b1-082c44d65cb3
	at org.openqa.selenium.support.ui.WebDriverWait.timeoutException(WebDriverWait.java:80)
	at org.openqa.selenium.support.ui.FluentWait.until(FluentWait.java:261)
	at test.apptest.hotel.AdultChildrenSearch.afterTest(AdultChildrenSearch.java:370)
	at sun.reflect.NativeMethodAccessorImpl.invoke0(Native Method)
	at sun.reflect.NativeMethodAccessorImpl.invoke(NativeMethodAccessorImpl.java:62)
	at sun.reflect.DelegatingMethodAccessorImpl.invoke(DelegatingMethodAccessorImpl.java:43)
	at java.lang.reflect.Method.invoke(Method.java:498)
	at org.testng.internal.MethodInvocationHelper.invokeMethod(MethodInvocationHelper.java:80)
	at org.testng.internal.Invoker.invokeConfigurationMethod(Invoker.java:564)
	at org.testng.internal.Invoker.invokeConfigurations(Invoker.java:213)
	at org.testng.internal.Invoker.invokeMethod(Invoker.java:786)
	at org.testng.internal.Invoker.invokeTestMethod(Invoker.java:901)
	at org.testng.internal.Invoker.invokeTestMethods(Invoker.java:1231)
	at org.testng.internal.TestMethodWorker.invokeTestMethods(TestMethodWorker.java:127)
	at org.testng.internal.TestMethodWorker.run(TestMethodWorker.java:111)
	at org.testng.TestRunner.privateRun(TestRunner.java:767)
	at org.testng.TestRunner.run(TestRunner.java:617)
	at org.testng.SuiteRunner.runTest(SuiteRunner.java:334)
	at org.testng.SuiteRunner.runSequentially(SuiteRunner.java:329)
	at org.testng.SuiteRunner.privateRun(SuiteRunner.java:291)
	at org.testng.SuiteRunner.run(SuiteRunner.java:240)
	at org.testng.SuiteRunnerWorker.runSuite(SuiteRunnerWorker.java:52)
	at org.testng.SuiteRunnerWorker.run(SuiteRunnerWorker.java:86)
	at org.testng.TestNG.runSuitesSequentially(TestNG.java:1198)
	at org.testng.TestNG.runSuitesLocally(TestNG.java:1123)
	at org.testng.TestNG.run(TestNG.java:1031)
	at org.testng.remote.AbstractRemoteTestNG.run(AbstractRemoteTestNG.java:126)
	at org.testng.remote.RemoteTestNG.initAndRun(RemoteTestNG.java:152)
	at org.testng.remote.RemoteTestNG.main(RemoteTestNG.java:57)
Caused by: org.openqa.selenium.NoSuchElementException: An element could not be located on the page using the given search parameters. (WARNING: The server did not provide any stacktrace information)
Command duration or timeout: 115 milliseconds
For documentation on this error, please visit: http://seleniumhq.org/exceptions/no_such_element.html
Build info: version: '2.53.1', revision: 'a36b8b1cd5757287168e54b817830adce9b0158d', time: '2016-06-30 19:26:09'
System info: host: 'DST65976', ip: '10.32.86.32', os.name: 'Windows 7', os.arch: 'amd64', os.version: '6.1', java.version: '1.8.0_121'
Driver info: io.appium.java_client.android.AndroidDriver
Capabilities [{appPackage=ctrip.english, noReset=true, deviceName=127.0.0.1:62025, platform=LINUX, deviceUDID=127.0.0.1:62025, desired={appPackage=ctrip.english, appActivity=com.ctrip.ibu.myctrip.main.module.home.IBUHomeActivity, noReset=true, noSign=true, newCommandTimeout=10, platformVersion=null, browserName=, unicodeKeyboard=true, platformName=Android, deviceName=Android Emulator, resetKeyboard=true, autoAcceptAlerts=True}, newCommandTimeout=10, platformVersion=5.1.1, webStorageEnabled=false, takesScreenshot=true, browserName=, javascriptEnabled=true, unicodeKeyboard=true, platformName=Android, deviceManufacturer=Xiaomi, resetKeyboard=true, deviceScreenSize=720x1280, networkConnectionEnabled=true, noSign=true, warnings={}, databaseEnabled=false, appActivity=com.ctrip.ibu.myctrip.main.module.home.IBUHomeActivity, locationContextEnabled=false, deviceModel=MI 6, autoAcceptAlerts=True}]
Session ID: a81636de-0149-42e0-86b1-082c44d65cb3
*** Element info: {Using=id, value=iv_back}
	at sun.reflect.GeneratedConstructorAccessor21.newInstance(Unknown Source)
	at sun.reflect.DelegatingConstructorAccessorImpl.newInstance(DelegatingConstructorAccessorImpl.java:45)
	at java.lang.reflect.Constructor.newInstance(Constructor.java:423)
	at org.openqa.selenium.remote.ErrorHandler.createThrowable(ErrorHandler.java:206)
	at org.openqa.selenium.remote.ErrorHandler.throwIfResponseFailed(ErrorHandler.java:158)
	at org.openqa.selenium.remote.RemoteWebDriver.execute(RemoteWebDriver.java:678)
	at io.appium.java_client.DefaultGenericMobileDriver.execute(DefaultGenericMobileDriver.java:40)
	at io.appium.java_client.AppiumDriver.execute(AppiumDriver.java:1)
	at io.appium.java_client.android.AndroidDriver.execute(AndroidDriver.java:1)
	at org.openqa.selenium.remote.RemoteWebDriver.findElement(RemoteWebDriver.java:363)
	at io.appium.java_client.DefaultGenericMobileDriver.findElement(DefaultGenericMobileDriver.java:56)
	at io.appium.java_client.AppiumDriver.findElement(AppiumDriver.java:1)
	at io.appium.java_client.android.AndroidDriver.findElement(AndroidDriver.java:1)
	at org.openqa.selenium.remote.RemoteWebDriver.findElementById(RemoteWebDriver.java:413)
	at io.appium.java_client.DefaultGenericMobileDriver.findElementById(DefaultGenericMobileDriver.java:64)
	at io.appium.java_client.AppiumDriver.findElementById(AppiumDriver.java:1)
	at io.appium.java_client.android.AndroidDriver.findElementById(AndroidDriver.java:1)
	at org.openqa.selenium.By$ById.findElement(By.java:218)
	at org.openqa.selenium.remote.RemoteWebDriver.findElement(RemoteWebDriver.java:355)
	at io.appium.java_client.DefaultGenericMobileDriver.findElement(DefaultGenericMobileDriver.java:52)
	at io.appium.java_client.AppiumDriver.findElement(AppiumDriver.java:1)
	at io.appium.java_client.android.AndroidDriver.findElement(AndroidDriver.java:1)
	at org.openqa.selenium.support.ui.ExpectedConditions.findElement(ExpectedConditions.java:899)
	at org.openqa.selenium.support.ui.ExpectedConditions.access$000(ExpectedConditions.java:41)
	at org.openqa.selenium.support.ui.ExpectedConditions$7.apply(ExpectedConditions.java:205)
	at org.openqa.selenium.support.ui.ExpectedConditions$7.apply(ExpectedConditions.java:201)
	at org.openqa.selenium.support.ui.ExpectedConditions$22.apply(ExpectedConditions.java:653)
	at org.openqa.selenium.support.ui.ExpectedConditions$22.apply(ExpectedConditions.java:646)
	at org.openqa.selenium.support.ui.FluentWait.until(FluentWait.java:238)
	... 27 more
]]>
    </failure>
  </testcase> <!-- SearchHotelOverseasProvince -->
</testsuite> <!-- test.apptest.hotel.SearchHotelOverseasProvince -->
