<?xml version="1.0" encoding="UTF-8"?>
<!-- Generated by org.testng.reporters.JUnitReportReporter -->
<testsuite hostname="XLH-20160517" name="com.web.test.AppTest2" tests="1" failures="0" timestamp="15 Feb 2017 04:28:05 GMT" time="0.279" errors="0">
  <testcase name="find" time="0.279" classname="com.web.test.AppTest2"/>
</testsuite> <!-- com.web.test.AppTest2 -->
