<?xml version="1.0" encoding="UTF-8"?>
<!-- Generated by org.testng.reporters.JUnitReportReporter -->
<testsuite hostname="XLH-20160517" name="com.web.test.Common" tests="1" failures="0" timestamp="15 Feb 2017 07:38:08 GMT" time="0.303" errors="0">
  <testcase name="inita" time="0.303" classname="com.web.test.Common"/>
</testsuite> <!-- com.web.test.Common -->
